mode: set
github.com/go-park-mail-ru/2020_2_Jigglypuf/internal/pkg/cinemaservice/usecase/CinemaUseCase.go:12.71,16.2 1 1
github.com/go-park-mail-ru/2020_2_Jigglypuf/internal/pkg/cinemaservice/usecase/CinemaUseCase.go:18.67,20.2 1 1
github.com/go-park-mail-ru/2020_2_Jigglypuf/internal/pkg/cinemaservice/usecase/CinemaUseCase.go:22.72,24.2 1 1
github.com/go-park-mail-ru/2020_2_Jigglypuf/internal/pkg/cinemaservice/usecase/CinemaUseCase.go:26.82,28.27 2 1
github.com/go-park-mail-ru/2020_2_Jigglypuf/internal/pkg/cinemaservice/usecase/CinemaUseCase.go:31.2,31.44 1 1
github.com/go-park-mail-ru/2020_2_Jigglypuf/internal/pkg/cinemaservice/usecase/CinemaUseCase.go:28.27,30.3 1 1
github.com/go-park-mail-ru/2020_2_Jigglypuf/internal/pkg/cinemaservice/delivery/CinemaDelivery.go:16.69,20.2 1 1
github.com/go-park-mail-ru/2020_2_Jigglypuf/internal/pkg/cinemaservice/delivery/CinemaDelivery.go:31.101,36.32 3 1
github.com/go-park-mail-ru/2020_2_Jigglypuf/internal/pkg/cinemaservice/delivery/CinemaDelivery.go:41.2,43.38 3 1
github.com/go-park-mail-ru/2020_2_Jigglypuf/internal/pkg/cinemaservice/delivery/CinemaDelivery.go:48.2,50.27 2 1
github.com/go-park-mail-ru/2020_2_Jigglypuf/internal/pkg/cinemaservice/delivery/CinemaDelivery.go:55.2,57.26 3 1
github.com/go-park-mail-ru/2020_2_Jigglypuf/internal/pkg/cinemaservice/delivery/CinemaDelivery.go:36.32,39.3 2 1
github.com/go-park-mail-ru/2020_2_Jigglypuf/internal/pkg/cinemaservice/delivery/CinemaDelivery.go:43.38,46.3 2 1
github.com/go-park-mail-ru/2020_2_Jigglypuf/internal/pkg/cinemaservice/delivery/CinemaDelivery.go:50.27,53.3 2 1
github.com/go-park-mail-ru/2020_2_Jigglypuf/internal/pkg/cinemaservice/delivery/CinemaDelivery.go:70.105,75.32 3 1
github.com/go-park-mail-ru/2020_2_Jigglypuf/internal/pkg/cinemaservice/delivery/CinemaDelivery.go:80.2,82.39 3 1
github.com/go-park-mail-ru/2020_2_Jigglypuf/internal/pkg/cinemaservice/delivery/CinemaDelivery.go:86.2,89.39 3 1
github.com/go-park-mail-ru/2020_2_Jigglypuf/internal/pkg/cinemaservice/delivery/CinemaDelivery.go:93.2,95.27 2 1
github.com/go-park-mail-ru/2020_2_Jigglypuf/internal/pkg/cinemaservice/delivery/CinemaDelivery.go:100.2,102.26 3 1
github.com/go-park-mail-ru/2020_2_Jigglypuf/internal/pkg/cinemaservice/delivery/CinemaDelivery.go:75.32,78.3 2 1
github.com/go-park-mail-ru/2020_2_Jigglypuf/internal/pkg/cinemaservice/delivery/CinemaDelivery.go:82.39,85.3 2 1
github.com/go-park-mail-ru/2020_2_Jigglypuf/internal/pkg/cinemaservice/delivery/CinemaDelivery.go:89.39,92.3 2 1
github.com/go-park-mail-ru/2020_2_Jigglypuf/internal/pkg/cinemaservice/delivery/CinemaDelivery.go:95.27,98.3 2 1
github.com/go-park-mail-ru/2020_2_Jigglypuf/internal/pkg/cinemaservice/repository/cinemaSQLRepository.go:14.70,18.2 1 0
github.com/go-park-mail-ru/2020_2_Jigglypuf/internal/pkg/cinemaservice/repository/cinemaSQLRepository.go:20.73,21.27 1 0
github.com/go-park-mail-ru/2020_2_Jigglypuf/internal/pkg/cinemaservice/repository/cinemaSQLRepository.go:25.2,26.20 2 0
github.com/go-park-mail-ru/2020_2_Jigglypuf/internal/pkg/cinemaservice/repository/cinemaSQLRepository.go:30.2,30.12 1 0
github.com/go-park-mail-ru/2020_2_Jigglypuf/internal/pkg/cinemaservice/repository/cinemaSQLRepository.go:21.27,23.3 1 0
github.com/go-park-mail-ru/2020_2_Jigglypuf/internal/pkg/cinemaservice/repository/cinemaSQLRepository.go:26.20,29.3 2 0
github.com/go-park-mail-ru/2020_2_Jigglypuf/internal/pkg/cinemaservice/repository/cinemaSQLRepository.go:33.76,34.27 1 0
github.com/go-park-mail-ru/2020_2_Jigglypuf/internal/pkg/cinemaservice/repository/cinemaSQLRepository.go:38.2,40.20 3 0
github.com/go-park-mail-ru/2020_2_Jigglypuf/internal/pkg/cinemaservice/repository/cinemaSQLRepository.go:45.2,47.20 3 0
github.com/go-park-mail-ru/2020_2_Jigglypuf/internal/pkg/cinemaservice/repository/cinemaSQLRepository.go:52.2,52.26 1 0
github.com/go-park-mail-ru/2020_2_Jigglypuf/internal/pkg/cinemaservice/repository/cinemaSQLRepository.go:34.27,36.3 1 0
github.com/go-park-mail-ru/2020_2_Jigglypuf/internal/pkg/cinemaservice/repository/cinemaSQLRepository.go:40.20,43.3 2 0
github.com/go-park-mail-ru/2020_2_Jigglypuf/internal/pkg/cinemaservice/repository/cinemaSQLRepository.go:47.20,50.3 2 0
github.com/go-park-mail-ru/2020_2_Jigglypuf/internal/pkg/cinemaservice/repository/cinemaSQLRepository.go:55.88,56.27 1 0
github.com/go-park-mail-ru/2020_2_Jigglypuf/internal/pkg/cinemaservice/repository/cinemaSQLRepository.go:60.2,61.18 2 0
github.com/go-park-mail-ru/2020_2_Jigglypuf/internal/pkg/cinemaservice/repository/cinemaSQLRepository.go:65.2,68.20 3 0
github.com/go-park-mail-ru/2020_2_Jigglypuf/internal/pkg/cinemaservice/repository/cinemaSQLRepository.go:72.2,73.24 2 0
github.com/go-park-mail-ru/2020_2_Jigglypuf/internal/pkg/cinemaservice/repository/cinemaSQLRepository.go:83.2,83.25 1 0
github.com/go-park-mail-ru/2020_2_Jigglypuf/internal/pkg/cinemaservice/repository/cinemaSQLRepository.go:56.27,58.3 1 0
github.com/go-park-mail-ru/2020_2_Jigglypuf/internal/pkg/cinemaservice/repository/cinemaSQLRepository.go:61.18,64.3 2 0
github.com/go-park-mail-ru/2020_2_Jigglypuf/internal/pkg/cinemaservice/repository/cinemaSQLRepository.go:68.20,71.3 2 0
github.com/go-park-mail-ru/2020_2_Jigglypuf/internal/pkg/cinemaservice/repository/cinemaSQLRepository.go:73.24,76.33 3 0
github.com/go-park-mail-ru/2020_2_Jigglypuf/internal/pkg/cinemaservice/repository/cinemaSQLRepository.go:80.3,80.47 1 0
github.com/go-park-mail-ru/2020_2_Jigglypuf/internal/pkg/cinemaservice/repository/cinemaSQLRepository.go:76.33,79.4 2 0
github.com/go-park-mail-ru/2020_2_Jigglypuf/internal/pkg/cinemaservice/repository/cinemaSQLRepository.go:86.73,87.27 1 0
github.com/go-park-mail-ru/2020_2_Jigglypuf/internal/pkg/cinemaservice/repository/cinemaSQLRepository.go:91.2,92.18 2 0
github.com/go-park-mail-ru/2020_2_Jigglypuf/internal/pkg/cinemaservice/repository/cinemaSQLRepository.go:97.2,97.12 1 0
github.com/go-park-mail-ru/2020_2_Jigglypuf/internal/pkg/cinemaservice/repository/cinemaSQLRepository.go:87.27,89.3 1 0
github.com/go-park-mail-ru/2020_2_Jigglypuf/internal/pkg/cinemaservice/repository/cinemaSQLRepository.go:92.18,95.3 2 0
github.com/go-park-mail-ru/2020_2_Jigglypuf/internal/pkg/cinemaservice/repository/cinemaSQLRepository.go:100.73,101.27 1 0
github.com/go-park-mail-ru/2020_2_Jigglypuf/internal/pkg/cinemaservice/repository/cinemaSQLRepository.go:105.2,106.18 2 0
github.com/go-park-mail-ru/2020_2_Jigglypuf/internal/pkg/cinemaservice/repository/cinemaSQLRepository.go:111.2,111.12 1 0
github.com/go-park-mail-ru/2020_2_Jigglypuf/internal/pkg/cinemaservice/repository/cinemaSQLRepository.go:101.27,103.3 1 0
github.com/go-park-mail-ru/2020_2_Jigglypuf/internal/pkg/cinemaservice/repository/cinemaSQLRepository.go:106.18,109.3 2 0
github.com/go-park-mail-ru/2020_2_Jigglypuf/internal/pkg/hallservice/delivery/Delivery.go:15.65,19.2 1 1
github.com/go-park-mail-ru/2020_2_Jigglypuf/internal/pkg/hallservice/delivery/Delivery.go:31.81,32.32 1 1
github.com/go-park-mail-ru/2020_2_Jigglypuf/internal/pkg/hallservice/delivery/Delivery.go:36.2,40.18 4 1
github.com/go-park-mail-ru/2020_2_Jigglypuf/internal/pkg/hallservice/delivery/Delivery.go:45.2,46.20 2 1
github.com/go-park-mail-ru/2020_2_Jigglypuf/internal/pkg/hallservice/delivery/Delivery.go:51.2,53.27 2 1
github.com/go-park-mail-ru/2020_2_Jigglypuf/internal/pkg/hallservice/delivery/Delivery.go:32.32,35.3 2 1
github.com/go-park-mail-ru/2020_2_Jigglypuf/internal/pkg/hallservice/delivery/Delivery.go:40.18,43.3 2 1
github.com/go-park-mail-ru/2020_2_Jigglypuf/internal/pkg/hallservice/delivery/Delivery.go:46.20,49.3 2 1
github.com/go-park-mail-ru/2020_2_Jigglypuf/internal/pkg/hallservice/repository/hallRepository.go:13.62,17.2 1 0
github.com/go-park-mail-ru/2020_2_Jigglypuf/internal/pkg/hallservice/repository/hallRepository.go:19.99,20.27 1 0
github.com/go-park-mail-ru/2020_2_Jigglypuf/internal/pkg/hallservice/repository/hallRepository.go:24.2,26.48 2 0
github.com/go-park-mail-ru/2020_2_Jigglypuf/internal/pkg/hallservice/repository/hallRepository.go:30.2,30.18 1 0
github.com/go-park-mail-ru/2020_2_Jigglypuf/internal/pkg/hallservice/repository/hallRepository.go:20.27,22.3 1 0
github.com/go-park-mail-ru/2020_2_Jigglypuf/internal/pkg/hallservice/repository/hallRepository.go:26.48,28.3 1 0
github.com/go-park-mail-ru/2020_2_Jigglypuf/internal/pkg/hallservice/repository/hallRepository.go:33.85,34.27 1 0
github.com/go-park-mail-ru/2020_2_Jigglypuf/internal/pkg/hallservice/repository/hallRepository.go:38.2,39.48 2 0
github.com/go-park-mail-ru/2020_2_Jigglypuf/internal/pkg/hallservice/repository/hallRepository.go:43.2,47.20 5 0
github.com/go-park-mail-ru/2020_2_Jigglypuf/internal/pkg/hallservice/repository/hallRepository.go:50.2,51.22 2 0
github.com/go-park-mail-ru/2020_2_Jigglypuf/internal/pkg/hallservice/repository/hallRepository.go:55.2,55.22 1 0
github.com/go-park-mail-ru/2020_2_Jigglypuf/internal/pkg/hallservice/repository/hallRepository.go:34.27,36.3 1 0
github.com/go-park-mail-ru/2020_2_Jigglypuf/internal/pkg/hallservice/repository/hallRepository.go:39.48,41.3 1 0
github.com/go-park-mail-ru/2020_2_Jigglypuf/internal/pkg/hallservice/repository/hallRepository.go:47.20,49.3 1 0
github.com/go-park-mail-ru/2020_2_Jigglypuf/internal/pkg/hallservice/repository/hallRepository.go:51.22,53.3 1 0
github.com/go-park-mail-ru/2020_2_Jigglypuf/internal/pkg/middleware/cors/cors_middleware.go:8.59,14.2 5 1
github.com/go-park-mail-ru/2020_2_Jigglypuf/internal/pkg/middleware/cors/cors_middleware.go:16.53,17.71 1 1
github.com/go-park-mail-ru/2020_2_Jigglypuf/internal/pkg/middleware/cors/cors_middleware.go:17.71,19.37 2 1
github.com/go-park-mail-ru/2020_2_Jigglypuf/internal/pkg/middleware/cors/cors_middleware.go:23.3,23.23 1 1
github.com/go-park-mail-ru/2020_2_Jigglypuf/internal/pkg/middleware/cors/cors_middleware.go:19.37,21.4 1 1
github.com/go-park-mail-ru/2020_2_Jigglypuf/internal/pkg/hallservice/usecase/UseCase.go:13.69,17.2 1 1
github.com/go-park-mail-ru/2020_2_Jigglypuf/internal/pkg/hallservice/usecase/UseCase.go:19.97,21.52 2 1
github.com/go-park-mail-ru/2020_2_Jigglypuf/internal/pkg/hallservice/usecase/UseCase.go:25.2,25.68 1 1
github.com/go-park-mail-ru/2020_2_Jigglypuf/internal/pkg/hallservice/usecase/UseCase.go:21.52,23.3 1 1
github.com/go-park-mail-ru/2020_2_Jigglypuf/internal/pkg/hallservice/usecase/UseCase.go:28.83,30.36 2 1
github.com/go-park-mail-ru/2020_2_Jigglypuf/internal/pkg/hallservice/usecase/UseCase.go:34.2,34.60 1 1
github.com/go-park-mail-ru/2020_2_Jigglypuf/internal/pkg/hallservice/usecase/UseCase.go:30.36,32.3 1 1
github.com/go-park-mail-ru/2020_2_Jigglypuf/internal/pkg/middleware/csrf/csrf_middleware.go:27.86,32.2 1 1
github.com/go-park-mail-ru/2020_2_Jigglypuf/internal/pkg/middleware/csrf/csrf_middleware.go:43.83,44.32 1 1
github.com/go-park-mail-ru/2020_2_Jigglypuf/internal/pkg/middleware/csrf/csrf_middleware.go:48.2,50.54 3 1
github.com/go-park-mail-ru/2020_2_Jigglypuf/internal/pkg/middleware/csrf/csrf_middleware.go:55.2,66.27 8 1
github.com/go-park-mail-ru/2020_2_Jigglypuf/internal/pkg/middleware/csrf/csrf_middleware.go:44.32,47.3 2 1
github.com/go-park-mail-ru/2020_2_Jigglypuf/internal/pkg/middleware/csrf/csrf_middleware.go:50.54,53.3 2 1
github.com/go-park-mail-ru/2020_2_Jigglypuf/internal/pkg/middleware/csrf/csrf_middleware.go:69.72,70.71 1 1
github.com/go-park-mail-ru/2020_2_Jigglypuf/internal/pkg/middleware/csrf/csrf_middleware.go:70.71,71.97 1 1
github.com/go-park-mail-ru/2020_2_Jigglypuf/internal/pkg/middleware/csrf/csrf_middleware.go:76.3,78.55 3 1
github.com/go-park-mail-ru/2020_2_Jigglypuf/internal/pkg/middleware/csrf/csrf_middleware.go:82.3,83.80 2 1
github.com/go-park-mail-ru/2020_2_Jigglypuf/internal/pkg/middleware/csrf/csrf_middleware.go:87.3,87.38 1 1
github.com/go-park-mail-ru/2020_2_Jigglypuf/internal/pkg/middleware/csrf/csrf_middleware.go:71.97,74.4 2 1
github.com/go-park-mail-ru/2020_2_Jigglypuf/internal/pkg/middleware/csrf/csrf_middleware.go:78.55,81.4 2 1
github.com/go-park-mail-ru/2020_2_Jigglypuf/internal/pkg/middleware/csrf/csrf_middleware.go:83.80,86.4 2 1
github.com/go-park-mail-ru/2020_2_Jigglypuf/internal/pkg/middleware/csrf/csrf_middleware.go:91.74,93.26 2 1
github.com/go-park-mail-ru/2020_2_Jigglypuf/internal/pkg/middleware/csrf/csrf_middleware.go:98.2,99.20 2 1
github.com/go-park-mail-ru/2020_2_Jigglypuf/internal/pkg/middleware/csrf/csrf_middleware.go:104.2,104.38 1 1
github.com/go-park-mail-ru/2020_2_Jigglypuf/internal/pkg/middleware/csrf/csrf_middleware.go:109.2,115.22 6 1
github.com/go-park-mail-ru/2020_2_Jigglypuf/internal/pkg/middleware/csrf/csrf_middleware.go:119.2,120.44 2 1
github.com/go-park-mail-ru/2020_2_Jigglypuf/internal/pkg/middleware/csrf/csrf_middleware.go:93.26,96.3 2 1
github.com/go-park-mail-ru/2020_2_Jigglypuf/internal/pkg/middleware/csrf/csrf_middleware.go:99.20,102.3 2 1
github.com/go-park-mail-ru/2020_2_Jigglypuf/internal/pkg/middleware/csrf/csrf_middleware.go:104.38,107.3 2 1
github.com/go-park-mail-ru/2020_2_Jigglypuf/internal/pkg/middleware/csrf/csrf_middleware.go:115.22,118.3 2 1
github.com/go-park-mail-ru/2020_2_Jigglypuf/internal/pkg/movieservice/delivery/movieDelivery.go:18.63,21.39 3 1
github.com/go-park-mail-ru/2020_2_Jigglypuf/internal/pkg/movieservice/delivery/movieDelivery.go:24.2,26.39 3 1
github.com/go-park-mail-ru/2020_2_Jigglypuf/internal/pkg/movieservice/delivery/movieDelivery.go:29.2,29.25 1 1
github.com/go-park-mail-ru/2020_2_Jigglypuf/internal/pkg/movieservice/delivery/movieDelivery.go:21.39,23.3 1 1
github.com/go-park-mail-ru/2020_2_Jigglypuf/internal/pkg/movieservice/delivery/movieDelivery.go:26.39,28.3 1 1
github.com/go-park-mail-ru/2020_2_Jigglypuf/internal/pkg/movieservice/delivery/movieDelivery.go:32.71,36.2 1 1
github.com/go-park-mail-ru/2020_2_Jigglypuf/internal/pkg/movieservice/delivery/movieDelivery.go:48.77,49.32 1 1
github.com/go-park-mail-ru/2020_2_Jigglypuf/internal/pkg/movieservice/delivery/movieDelivery.go:53.2,56.21 3 1
github.com/go-park-mail-ru/2020_2_Jigglypuf/internal/pkg/movieservice/delivery/movieDelivery.go:61.2,63.16 2 1
github.com/go-park-mail-ru/2020_2_Jigglypuf/internal/pkg/movieservice/delivery/movieDelivery.go:68.2,70.16 3 1
github.com/go-park-mail-ru/2020_2_Jigglypuf/internal/pkg/movieservice/delivery/movieDelivery.go:75.2,75.26 1 1
github.com/go-park-mail-ru/2020_2_Jigglypuf/internal/pkg/movieservice/delivery/movieDelivery.go:49.32,52.3 2 1
github.com/go-park-mail-ru/2020_2_Jigglypuf/internal/pkg/movieservice/delivery/movieDelivery.go:56.21,59.3 2 1
github.com/go-park-mail-ru/2020_2_Jigglypuf/internal/pkg/movieservice/delivery/movieDelivery.go:63.16,66.3 2 0
github.com/go-park-mail-ru/2020_2_Jigglypuf/internal/pkg/movieservice/delivery/movieDelivery.go:70.16,73.3 2 0
github.com/go-park-mail-ru/2020_2_Jigglypuf/internal/pkg/movieservice/delivery/movieDelivery.go:87.73,88.32 1 1
github.com/go-park-mail-ru/2020_2_Jigglypuf/internal/pkg/movieservice/delivery/movieDelivery.go:92.2,97.38 5 1
github.com/go-park-mail-ru/2020_2_Jigglypuf/internal/pkg/movieservice/delivery/movieDelivery.go:101.2,103.37 3 1
github.com/go-park-mail-ru/2020_2_Jigglypuf/internal/pkg/movieservice/delivery/movieDelivery.go:108.2,110.16 2 1
github.com/go-park-mail-ru/2020_2_Jigglypuf/internal/pkg/movieservice/delivery/movieDelivery.go:115.2,118.26 3 1
github.com/go-park-mail-ru/2020_2_Jigglypuf/internal/pkg/movieservice/delivery/movieDelivery.go:88.32,91.3 2 1
github.com/go-park-mail-ru/2020_2_Jigglypuf/internal/pkg/movieservice/delivery/movieDelivery.go:97.38,100.3 2 0
github.com/go-park-mail-ru/2020_2_Jigglypuf/internal/pkg/movieservice/delivery/movieDelivery.go:103.37,106.3 2 1
github.com/go-park-mail-ru/2020_2_Jigglypuf/internal/pkg/movieservice/delivery/movieDelivery.go:110.16,113.3 2 0
github.com/go-park-mail-ru/2020_2_Jigglypuf/internal/pkg/movieservice/delivery/movieDelivery.go:132.74,135.33 2 1
github.com/go-park-mail-ru/2020_2_Jigglypuf/internal/pkg/movieservice/delivery/movieDelivery.go:140.2,144.54 4 1
github.com/go-park-mail-ru/2020_2_Jigglypuf/internal/pkg/movieservice/delivery/movieDelivery.go:149.2,152.29 4 1
github.com/go-park-mail-ru/2020_2_Jigglypuf/internal/pkg/movieservice/delivery/movieDelivery.go:157.2,158.20 2 1
github.com/go-park-mail-ru/2020_2_Jigglypuf/internal/pkg/movieservice/delivery/movieDelivery.go:135.33,138.3 2 1
github.com/go-park-mail-ru/2020_2_Jigglypuf/internal/pkg/movieservice/delivery/movieDelivery.go:144.54,147.3 2 1
github.com/go-park-mail-ru/2020_2_Jigglypuf/internal/pkg/movieservice/delivery/movieDelivery.go:152.29,155.3 2 0
github.com/go-park-mail-ru/2020_2_Jigglypuf/internal/pkg/movieservice/delivery/movieDelivery.go:158.20,161.3 2 0
github.com/go-park-mail-ru/2020_2_Jigglypuf/internal/pkg/movieservice/delivery/movieDelivery.go:176.80,177.32 1 1
github.com/go-park-mail-ru/2020_2_Jigglypuf/internal/pkg/movieservice/delivery/movieDelivery.go:181.2,184.21 3 1
github.com/go-park-mail-ru/2020_2_Jigglypuf/internal/pkg/movieservice/delivery/movieDelivery.go:188.2,191.21 3 1
github.com/go-park-mail-ru/2020_2_Jigglypuf/internal/pkg/movieservice/delivery/movieDelivery.go:196.2,199.26 3 1
github.com/go-park-mail-ru/2020_2_Jigglypuf/internal/pkg/movieservice/delivery/movieDelivery.go:177.32,180.3 2 1
github.com/go-park-mail-ru/2020_2_Jigglypuf/internal/pkg/movieservice/delivery/movieDelivery.go:184.21,187.3 2 1
github.com/go-park-mail-ru/2020_2_Jigglypuf/internal/pkg/movieservice/delivery/movieDelivery.go:191.21,194.3 2 0
github.com/go-park-mail-ru/2020_2_Jigglypuf/internal/pkg/authentication/delivery/authDelivery.go:19.87,23.2 1 1
github.com/go-park-mail-ru/2020_2_Jigglypuf/internal/pkg/authentication/delivery/authDelivery.go:25.38,35.2 1 1
github.com/go-park-mail-ru/2020_2_Jigglypuf/internal/pkg/authentication/delivery/authDelivery.go:37.71,43.2 5 1
github.com/go-park-mail-ru/2020_2_Jigglypuf/internal/pkg/authentication/delivery/authDelivery.go:55.101,58.33 2 1
github.com/go-park-mail-ru/2020_2_Jigglypuf/internal/pkg/authentication/delivery/authDelivery.go:63.2,68.29 5 1
github.com/go-park-mail-ru/2020_2_Jigglypuf/internal/pkg/authentication/delivery/authDelivery.go:73.2,79.16 2 1
github.com/go-park-mail-ru/2020_2_Jigglypuf/internal/pkg/authentication/delivery/authDelivery.go:83.2,83.57 1 1
github.com/go-park-mail-ru/2020_2_Jigglypuf/internal/pkg/authentication/delivery/authDelivery.go:58.33,61.3 2 1
github.com/go-park-mail-ru/2020_2_Jigglypuf/internal/pkg/authentication/delivery/authDelivery.go:68.29,71.3 2 1
github.com/go-park-mail-ru/2020_2_Jigglypuf/internal/pkg/authentication/delivery/authDelivery.go:79.16,82.3 2 1
github.com/go-park-mail-ru/2020_2_Jigglypuf/internal/pkg/authentication/delivery/authDelivery.go:96.105,99.33 2 1
github.com/go-park-mail-ru/2020_2_Jigglypuf/internal/pkg/authentication/delivery/authDelivery.go:105.2,111.29 5 1
github.com/go-park-mail-ru/2020_2_Jigglypuf/internal/pkg/authentication/delivery/authDelivery.go:116.2,124.16 2 1
github.com/go-park-mail-ru/2020_2_Jigglypuf/internal/pkg/authentication/delivery/authDelivery.go:129.2,129.57 1 1
github.com/go-park-mail-ru/2020_2_Jigglypuf/internal/pkg/authentication/delivery/authDelivery.go:99.33,103.3 3 1
github.com/go-park-mail-ru/2020_2_Jigglypuf/internal/pkg/authentication/delivery/authDelivery.go:111.29,114.3 2 1
github.com/go-park-mail-ru/2020_2_Jigglypuf/internal/pkg/authentication/delivery/authDelivery.go:124.16,127.3 2 1
github.com/go-park-mail-ru/2020_2_Jigglypuf/internal/pkg/authentication/delivery/authDelivery.go:140.104,141.33 1 1
github.com/go-park-mail-ru/2020_2_Jigglypuf/internal/pkg/authentication/delivery/authDelivery.go:145.2,146.37 2 1
github.com/go-park-mail-ru/2020_2_Jigglypuf/internal/pkg/authentication/delivery/authDelivery.go:151.2,152.22 2 1
github.com/go-park-mail-ru/2020_2_Jigglypuf/internal/pkg/authentication/delivery/authDelivery.go:157.2,161.26 4 1
github.com/go-park-mail-ru/2020_2_Jigglypuf/internal/pkg/authentication/delivery/authDelivery.go:141.33,144.3 2 1
github.com/go-park-mail-ru/2020_2_Jigglypuf/internal/pkg/authentication/delivery/authDelivery.go:146.37,149.3 2 1
github.com/go-park-mail-ru/2020_2_Jigglypuf/internal/pkg/authentication/delivery/authDelivery.go:152.22,155.3 2 1
github.com/go-park-mail-ru/2020_2_Jigglypuf/internal/pkg/movieservice/usecase/movieUseCase.go:17.129,22.2 1 0
github.com/go-park-mail-ru/2020_2_Jigglypuf/internal/pkg/movieservice/usecase/movieUseCase.go:24.95,26.16 2 0
github.com/go-park-mail-ru/2020_2_Jigglypuf/internal/pkg/movieservice/usecase/movieUseCase.go:29.2,29.12 1 0
github.com/go-park-mail-ru/2020_2_Jigglypuf/internal/pkg/movieservice/usecase/movieUseCase.go:35.2,35.19 1 0
github.com/go-park-mail-ru/2020_2_Jigglypuf/internal/pkg/movieservice/usecase/movieUseCase.go:26.16,28.3 1 0
github.com/go-park-mail-ru/2020_2_Jigglypuf/internal/pkg/movieservice/usecase/movieUseCase.go:29.12,31.23 2 0
github.com/go-park-mail-ru/2020_2_Jigglypuf/internal/pkg/movieservice/usecase/movieUseCase.go:31.23,33.4 1 0
github.com/go-park-mail-ru/2020_2_Jigglypuf/internal/pkg/movieservice/usecase/movieUseCase.go:38.83,40.27 2 0
github.com/go-park-mail-ru/2020_2_Jigglypuf/internal/pkg/movieservice/usecase/movieUseCase.go:43.2,43.43 1 0
github.com/go-park-mail-ru/2020_2_Jigglypuf/internal/pkg/movieservice/usecase/movieUseCase.go:40.27,42.3 1 0
github.com/go-park-mail-ru/2020_2_Jigglypuf/internal/pkg/movieservice/usecase/movieUseCase.go:46.63,48.2 1 0
github.com/go-park-mail-ru/2020_2_Jigglypuf/internal/pkg/movieservice/usecase/movieUseCase.go:50.63,52.2 1 0
github.com/go-park-mail-ru/2020_2_Jigglypuf/internal/pkg/movieservice/usecase/movieUseCase.go:54.80,56.20 2 0
github.com/go-park-mail-ru/2020_2_Jigglypuf/internal/pkg/movieservice/usecase/movieUseCase.go:59.2,64.30 2 0
github.com/go-park-mail-ru/2020_2_Jigglypuf/internal/pkg/movieservice/usecase/movieUseCase.go:68.2,69.23 2 0
github.com/go-park-mail-ru/2020_2_Jigglypuf/internal/pkg/movieservice/usecase/movieUseCase.go:56.20,58.3 1 0
github.com/go-park-mail-ru/2020_2_Jigglypuf/internal/pkg/movieservice/usecase/movieUseCase.go:64.30,66.3 1 0
github.com/go-park-mail-ru/2020_2_Jigglypuf/internal/pkg/movieservice/usecase/movieUseCase.go:72.79,74.2 1 0
github.com/go-park-mail-ru/2020_2_Jigglypuf/internal/pkg/movieservice/usecase/movieUseCase.go:76.101,78.27 2 0
github.com/go-park-mail-ru/2020_2_Jigglypuf/internal/pkg/movieservice/usecase/movieUseCase.go:81.2,83.20 3 0
github.com/go-park-mail-ru/2020_2_Jigglypuf/internal/pkg/movieservice/usecase/movieUseCase.go:90.2,90.69 1 0
github.com/go-park-mail-ru/2020_2_Jigglypuf/internal/pkg/movieservice/usecase/movieUseCase.go:78.27,80.3 1 0
github.com/go-park-mail-ru/2020_2_Jigglypuf/internal/pkg/movieservice/usecase/movieUseCase.go:83.20,85.21 2 0
github.com/go-park-mail-ru/2020_2_Jigglypuf/internal/pkg/movieservice/usecase/movieUseCase.go:85.21,88.4 2 0
github.com/go-park-mail-ru/2020_2_Jigglypuf/internal/pkg/profile/repository/ProfileSQLRepository.go:13.72,17.2 1 0
github.com/go-park-mail-ru/2020_2_Jigglypuf/internal/pkg/profile/repository/ProfileSQLRepository.go:19.77,20.27 1 0
github.com/go-park-mail-ru/2020_2_Jigglypuf/internal/pkg/profile/repository/ProfileSQLRepository.go:24.2,26.18 2 0
github.com/go-park-mail-ru/2020_2_Jigglypuf/internal/pkg/profile/repository/ProfileSQLRepository.go:31.2,31.12 1 0
github.com/go-park-mail-ru/2020_2_Jigglypuf/internal/pkg/profile/repository/ProfileSQLRepository.go:20.27,22.3 1 0
github.com/go-park-mail-ru/2020_2_Jigglypuf/internal/pkg/profile/repository/ProfileSQLRepository.go:26.18,29.3 2 0
github.com/go-park-mail-ru/2020_2_Jigglypuf/internal/pkg/profile/repository/ProfileSQLRepository.go:34.77,35.27 1 0
github.com/go-park-mail-ru/2020_2_Jigglypuf/internal/pkg/profile/repository/ProfileSQLRepository.go:39.2,40.18 2 0
github.com/go-park-mail-ru/2020_2_Jigglypuf/internal/pkg/profile/repository/ProfileSQLRepository.go:45.2,45.12 1 0
github.com/go-park-mail-ru/2020_2_Jigglypuf/internal/pkg/profile/repository/ProfileSQLRepository.go:35.27,37.3 1 0
github.com/go-park-mail-ru/2020_2_Jigglypuf/internal/pkg/profile/repository/ProfileSQLRepository.go:40.18,43.3 2 0
github.com/go-park-mail-ru/2020_2_Jigglypuf/internal/pkg/profile/repository/ProfileSQLRepository.go:48.111,49.27 1 0
github.com/go-park-mail-ru/2020_2_Jigglypuf/internal/pkg/profile/repository/ProfileSQLRepository.go:53.2,55.18 2 0
github.com/go-park-mail-ru/2020_2_Jigglypuf/internal/pkg/profile/repository/ProfileSQLRepository.go:60.2,60.12 1 0
github.com/go-park-mail-ru/2020_2_Jigglypuf/internal/pkg/profile/repository/ProfileSQLRepository.go:49.27,51.3 1 0
github.com/go-park-mail-ru/2020_2_Jigglypuf/internal/pkg/profile/repository/ProfileSQLRepository.go:55.18,58.3 2 0
github.com/go-park-mail-ru/2020_2_Jigglypuf/internal/pkg/profile/repository/ProfileSQLRepository.go:62.88,63.27 1 0
github.com/go-park-mail-ru/2020_2_Jigglypuf/internal/pkg/profile/repository/ProfileSQLRepository.go:67.2,69.20 3 0
github.com/go-park-mail-ru/2020_2_Jigglypuf/internal/pkg/profile/repository/ProfileSQLRepository.go:74.2,77.20 4 0
github.com/go-park-mail-ru/2020_2_Jigglypuf/internal/pkg/profile/repository/ProfileSQLRepository.go:82.2,82.24 1 0
github.com/go-park-mail-ru/2020_2_Jigglypuf/internal/pkg/profile/repository/ProfileSQLRepository.go:63.27,65.3 1 0
github.com/go-park-mail-ru/2020_2_Jigglypuf/internal/pkg/profile/repository/ProfileSQLRepository.go:69.20,72.3 2 0
github.com/go-park-mail-ru/2020_2_Jigglypuf/internal/pkg/profile/repository/ProfileSQLRepository.go:77.20,80.3 2 0
github.com/go-park-mail-ru/2020_2_Jigglypuf/internal/pkg/profile/repository/ProfileSQLRepository.go:85.83,86.27 1 0
github.com/go-park-mail-ru/2020_2_Jigglypuf/internal/pkg/profile/repository/ProfileSQLRepository.go:90.2,90.17 1 0
github.com/go-park-mail-ru/2020_2_Jigglypuf/internal/pkg/profile/repository/ProfileSQLRepository.go:86.27,88.3 1 0
github.com/go-park-mail-ru/2020_2_Jigglypuf/internal/pkg/profile/repository/ProfileSQLRepository.go:92.81,93.27 1 0
github.com/go-park-mail-ru/2020_2_Jigglypuf/internal/pkg/profile/repository/ProfileSQLRepository.go:97.2,97.12 1 0
github.com/go-park-mail-ru/2020_2_Jigglypuf/internal/pkg/profile/repository/ProfileSQLRepository.go:93.27,95.3 1 0
github.com/go-park-mail-ru/2020_2_Jigglypuf/internal/pkg/profile/delivery/ProfileDelivery.go:25.37,27.2 1 0
github.com/go-park-mail-ru/2020_2_Jigglypuf/internal/pkg/profile/delivery/ProfileDelivery.go:29.85,33.2 1 1
github.com/go-park-mail-ru/2020_2_Jigglypuf/internal/pkg/profile/delivery/ProfileDelivery.go:35.106,37.20 2 1
github.com/go-park-mail-ru/2020_2_Jigglypuf/internal/pkg/profile/delivery/ProfileDelivery.go:41.2,44.16 4 0
github.com/go-park-mail-ru/2020_2_Jigglypuf/internal/pkg/profile/delivery/ProfileDelivery.go:47.2,48.98 2 0
github.com/go-park-mail-ru/2020_2_Jigglypuf/internal/pkg/profile/delivery/ProfileDelivery.go:51.2,55.20 5 0
github.com/go-park-mail-ru/2020_2_Jigglypuf/internal/pkg/profile/delivery/ProfileDelivery.go:59.2,61.25 3 0
github.com/go-park-mail-ru/2020_2_Jigglypuf/internal/pkg/profile/delivery/ProfileDelivery.go:64.2,65.24 2 0
github.com/go-park-mail-ru/2020_2_Jigglypuf/internal/pkg/profile/delivery/ProfileDelivery.go:37.20,39.3 1 1
github.com/go-park-mail-ru/2020_2_Jigglypuf/internal/pkg/profile/delivery/ProfileDelivery.go:44.16,46.3 1 0
github.com/go-park-mail-ru/2020_2_Jigglypuf/internal/pkg/profile/delivery/ProfileDelivery.go:48.98,50.3 1 0
github.com/go-park-mail-ru/2020_2_Jigglypuf/internal/pkg/profile/delivery/ProfileDelivery.go:55.20,57.3 1 0
github.com/go-park-mail-ru/2020_2_Jigglypuf/internal/pkg/profile/delivery/ProfileDelivery.go:61.25,63.3 1 0
github.com/go-park-mail-ru/2020_2_Jigglypuf/internal/pkg/profile/delivery/ProfileDelivery.go:78.103,81.32 2 1
github.com/go-park-mail-ru/2020_2_Jigglypuf/internal/pkg/profile/delivery/ProfileDelivery.go:86.2,90.61 4 1
github.com/go-park-mail-ru/2020_2_Jigglypuf/internal/pkg/profile/delivery/ProfileDelivery.go:96.2,98.25 2 1
github.com/go-park-mail-ru/2020_2_Jigglypuf/internal/pkg/profile/delivery/ProfileDelivery.go:103.2,106.33 3 1
github.com/go-park-mail-ru/2020_2_Jigglypuf/internal/pkg/profile/delivery/ProfileDelivery.go:81.32,84.3 2 1
github.com/go-park-mail-ru/2020_2_Jigglypuf/internal/pkg/profile/delivery/ProfileDelivery.go:90.61,94.3 3 1
github.com/go-park-mail-ru/2020_2_Jigglypuf/internal/pkg/profile/delivery/ProfileDelivery.go:98.25,101.3 2 1
github.com/go-park-mail-ru/2020_2_Jigglypuf/internal/pkg/profile/delivery/ProfileDelivery.go:119.106,123.32 3 1
github.com/go-park-mail-ru/2020_2_Jigglypuf/internal/pkg/profile/delivery/ProfileDelivery.go:128.2,130.29 2 1
github.com/go-park-mail-ru/2020_2_Jigglypuf/internal/pkg/profile/delivery/ProfileDelivery.go:135.2,137.61 3 1
github.com/go-park-mail-ru/2020_2_Jigglypuf/internal/pkg/profile/delivery/ProfileDelivery.go:142.2,143.22 2 1
github.com/go-park-mail-ru/2020_2_Jigglypuf/internal/pkg/profile/delivery/ProfileDelivery.go:146.2,157.16 2 1
github.com/go-park-mail-ru/2020_2_Jigglypuf/internal/pkg/profile/delivery/ProfileDelivery.go:163.2,163.30 1 1
github.com/go-park-mail-ru/2020_2_Jigglypuf/internal/pkg/profile/delivery/ProfileDelivery.go:123.32,126.3 2 1
github.com/go-park-mail-ru/2020_2_Jigglypuf/internal/pkg/profile/delivery/ProfileDelivery.go:130.29,133.3 2 1
github.com/go-park-mail-ru/2020_2_Jigglypuf/internal/pkg/profile/delivery/ProfileDelivery.go:137.61,140.3 2 1
github.com/go-park-mail-ru/2020_2_Jigglypuf/internal/pkg/profile/delivery/ProfileDelivery.go:143.22,145.3 1 1
github.com/go-park-mail-ru/2020_2_Jigglypuf/internal/pkg/profile/delivery/ProfileDelivery.go:157.16,160.3 2 1
github.com/go-park-mail-ru/2020_2_Jigglypuf/internal/pkg/recommendation/usecase/recomendationUseCase.go:25.96,28.27 3 1
github.com/go-park-mail-ru/2020_2_Jigglypuf/internal/pkg/recommendation/usecase/recomendationUseCase.go:42.2,42.32 1 1
github.com/go-park-mail-ru/2020_2_Jigglypuf/internal/pkg/recommendation/usecase/recomendationUseCase.go:28.27,30.10 2 1
github.com/go-park-mail-ru/2020_2_Jigglypuf/internal/pkg/recommendation/usecase/recomendationUseCase.go:33.3,34.10 2 1
github.com/go-park-mail-ru/2020_2_Jigglypuf/internal/pkg/recommendation/usecase/recomendationUseCase.go:39.3,40.39 2 1
github.com/go-park-mail-ru/2020_2_Jigglypuf/internal/pkg/recommendation/usecase/recomendationUseCase.go:30.10,31.12 1 0
github.com/go-park-mail-ru/2020_2_Jigglypuf/internal/pkg/recommendation/usecase/recomendationUseCase.go:34.10,37.12 3 1
github.com/go-park-mail-ru/2020_2_Jigglypuf/internal/pkg/recommendation/usecase/recomendationUseCase.go:45.72,47.27 2 1
github.com/go-park-mail-ru/2020_2_Jigglypuf/internal/pkg/recommendation/usecase/recomendationUseCase.go:55.2,55.19 1 1
github.com/go-park-mail-ru/2020_2_Jigglypuf/internal/pkg/recommendation/usecase/recomendationUseCase.go:47.27,49.10 2 1
github.com/go-park-mail-ru/2020_2_Jigglypuf/internal/pkg/recommendation/usecase/recomendationUseCase.go:52.3,53.39 2 1
github.com/go-park-mail-ru/2020_2_Jigglypuf/internal/pkg/recommendation/usecase/recomendationUseCase.go:49.10,50.12 1 0
github.com/go-park-mail-ru/2020_2_Jigglypuf/internal/pkg/recommendation/usecase/recomendationUseCase.go:58.135,71.2 5 1
github.com/go-park-mail-ru/2020_2_Jigglypuf/internal/pkg/recommendation/usecase/recomendationUseCase.go:73.92,81.41 8 1
github.com/go-park-mail-ru/2020_2_Jigglypuf/internal/pkg/recommendation/usecase/recomendationUseCase.go:81.41,82.116 1 1
github.com/go-park-mail-ru/2020_2_Jigglypuf/internal/pkg/recommendation/usecase/recomendationUseCase.go:82.116,84.4 1 1
github.com/go-park-mail-ru/2020_2_Jigglypuf/internal/pkg/recommendation/usecase/recomendationUseCase.go:88.94,90.6 2 1
github.com/go-park-mail-ru/2020_2_Jigglypuf/internal/pkg/recommendation/usecase/recomendationUseCase.go:90.6,92.27 2 1
github.com/go-park-mail-ru/2020_2_Jigglypuf/internal/pkg/recommendation/usecase/recomendationUseCase.go:96.3,102.32 6 1
github.com/go-park-mail-ru/2020_2_Jigglypuf/internal/pkg/recommendation/usecase/recomendationUseCase.go:124.3,125.38 2 1
github.com/go-park-mail-ru/2020_2_Jigglypuf/internal/pkg/recommendation/usecase/recomendationUseCase.go:131.3,136.16 5 1
github.com/go-park-mail-ru/2020_2_Jigglypuf/internal/pkg/recommendation/usecase/recomendationUseCase.go:141.3,141.24 1 1
github.com/go-park-mail-ru/2020_2_Jigglypuf/internal/pkg/recommendation/usecase/recomendationUseCase.go:92.27,94.4 1 0
github.com/go-park-mail-ru/2020_2_Jigglypuf/internal/pkg/recommendation/usecase/recomendationUseCase.go:102.32,103.42 1 1
github.com/go-park-mail-ru/2020_2_Jigglypuf/internal/pkg/recommendation/usecase/recomendationUseCase.go:108.4,108.57 1 1
github.com/go-park-mail-ru/2020_2_Jigglypuf/internal/pkg/recommendation/usecase/recomendationUseCase.go:115.4,115.61 1 1
github.com/go-park-mail-ru/2020_2_Jigglypuf/internal/pkg/recommendation/usecase/recomendationUseCase.go:118.4,121.20 4 1
github.com/go-park-mail-ru/2020_2_Jigglypuf/internal/pkg/recommendation/usecase/recomendationUseCase.go:103.42,106.5 2 1
github.com/go-park-mail-ru/2020_2_Jigglypuf/internal/pkg/recommendation/usecase/recomendationUseCase.go:108.57,109.56 1 1
github.com/go-park-mail-ru/2020_2_Jigglypuf/internal/pkg/recommendation/usecase/recomendationUseCase.go:112.5,113.13 2 1
github.com/go-park-mail-ru/2020_2_Jigglypuf/internal/pkg/recommendation/usecase/recomendationUseCase.go:109.56,111.6 1 1
github.com/go-park-mail-ru/2020_2_Jigglypuf/internal/pkg/recommendation/usecase/recomendationUseCase.go:115.61,117.5 1 1
github.com/go-park-mail-ru/2020_2_Jigglypuf/internal/pkg/recommendation/usecase/recomendationUseCase.go:125.38,126.37 1 1
github.com/go-park-mail-ru/2020_2_Jigglypuf/internal/pkg/recommendation/usecase/recomendationUseCase.go:129.4,129.43 1 1
github.com/go-park-mail-ru/2020_2_Jigglypuf/internal/pkg/recommendation/usecase/recomendationUseCase.go:126.37,128.5 1 1
github.com/go-park-mail-ru/2020_2_Jigglypuf/internal/pkg/recommendation/usecase/recomendationUseCase.go:136.16,139.4 2 1
github.com/go-park-mail-ru/2020_2_Jigglypuf/internal/pkg/recommendation/usecase/recomendationUseCase.go:145.83,150.46 5 1
github.com/go-park-mail-ru/2020_2_Jigglypuf/internal/pkg/recommendation/usecase/recomendationUseCase.go:154.2,161.43 6 1
github.com/go-park-mail-ru/2020_2_Jigglypuf/internal/pkg/recommendation/usecase/recomendationUseCase.go:170.2,174.12 4 1
github.com/go-park-mail-ru/2020_2_Jigglypuf/internal/pkg/recommendation/usecase/recomendationUseCase.go:150.46,152.3 1 0
github.com/go-park-mail-ru/2020_2_Jigglypuf/internal/pkg/recommendation/usecase/recomendationUseCase.go:161.43,168.3 5 1
github.com/go-park-mail-ru/2020_2_Jigglypuf/internal/pkg/recommendation/usecase/recomendationUseCase.go:177.96,179.16 2 1
github.com/go-park-mail-ru/2020_2_Jigglypuf/internal/pkg/recommendation/usecase/recomendationUseCase.go:182.2,185.9 4 1
github.com/go-park-mail-ru/2020_2_Jigglypuf/internal/pkg/recommendation/usecase/recomendationUseCase.go:189.2,191.40 3 1
github.com/go-park-mail-ru/2020_2_Jigglypuf/internal/pkg/recommendation/usecase/recomendationUseCase.go:195.2,202.133 3 1
github.com/go-park-mail-ru/2020_2_Jigglypuf/internal/pkg/recommendation/usecase/recomendationUseCase.go:209.2,210.25 2 1
github.com/go-park-mail-ru/2020_2_Jigglypuf/internal/pkg/recommendation/usecase/recomendationUseCase.go:213.2,216.47 3 1
github.com/go-park-mail-ru/2020_2_Jigglypuf/internal/pkg/recommendation/usecase/recomendationUseCase.go:220.2,220.22 1 1
github.com/go-park-mail-ru/2020_2_Jigglypuf/internal/pkg/recommendation/usecase/recomendationUseCase.go:179.16,181.3 1 0
github.com/go-park-mail-ru/2020_2_Jigglypuf/internal/pkg/recommendation/usecase/recomendationUseCase.go:185.9,187.3 1 0
github.com/go-park-mail-ru/2020_2_Jigglypuf/internal/pkg/recommendation/usecase/recomendationUseCase.go:191.40,194.3 2 1
github.com/go-park-mail-ru/2020_2_Jigglypuf/internal/pkg/recommendation/usecase/recomendationUseCase.go:202.133,204.43 2 1
github.com/go-park-mail-ru/2020_2_Jigglypuf/internal/pkg/recommendation/usecase/recomendationUseCase.go:207.3,207.29 1 1
github.com/go-park-mail-ru/2020_2_Jigglypuf/internal/pkg/recommendation/usecase/recomendationUseCase.go:204.43,206.4 1 1
github.com/go-park-mail-ru/2020_2_Jigglypuf/internal/pkg/recommendation/usecase/recomendationUseCase.go:210.25,212.3 1 0
github.com/go-park-mail-ru/2020_2_Jigglypuf/internal/pkg/recommendation/usecase/recomendationUseCase.go:216.47,219.3 2 1
github.com/go-park-mail-ru/2020_2_Jigglypuf/internal/pkg/recommendation/usecase/recomendationUseCase.go:223.103,225.30 2 0
github.com/go-park-mail-ru/2020_2_Jigglypuf/internal/pkg/recommendation/usecase/recomendationUseCase.go:229.2,230.24 2 0
github.com/go-park-mail-ru/2020_2_Jigglypuf/internal/pkg/recommendation/usecase/recomendationUseCase.go:234.2,234.23 1 0
github.com/go-park-mail-ru/2020_2_Jigglypuf/internal/pkg/recommendation/usecase/recomendationUseCase.go:225.30,227.3 1 0
github.com/go-park-mail-ru/2020_2_Jigglypuf/internal/pkg/recommendation/usecase/recomendationUseCase.go:230.24,232.3 1 0
github.com/go-park-mail-ru/2020_2_Jigglypuf/internal/pkg/recommendation/usecase/recomendationUseCase.go:237.83,239.2 1 0
github.com/go-park-mail-ru/2020_2_Jigglypuf/internal/pkg/profile/usecase/ProfileUseCase.go:15.64,20.2 1 0
github.com/go-park-mail-ru/2020_2_Jigglypuf/internal/pkg/profile/usecase/ProfileUseCase.go:22.74,23.55 1 0
github.com/go-park-mail-ru/2020_2_Jigglypuf/internal/pkg/profile/usecase/ProfileUseCase.go:26.2,26.33 1 0
github.com/go-park-mail-ru/2020_2_Jigglypuf/internal/pkg/profile/usecase/ProfileUseCase.go:29.2,30.47 2 0
github.com/go-park-mail-ru/2020_2_Jigglypuf/internal/pkg/profile/usecase/ProfileUseCase.go:23.55,25.3 1 0
github.com/go-park-mail-ru/2020_2_Jigglypuf/internal/pkg/profile/usecase/ProfileUseCase.go:26.33,28.3 1 0
github.com/go-park-mail-ru/2020_2_Jigglypuf/internal/pkg/profile/usecase/ProfileUseCase.go:33.71,35.2 1 0
github.com/go-park-mail-ru/2020_2_Jigglypuf/internal/pkg/profile/usecase/ProfileUseCase.go:37.77,39.2 1 0
github.com/go-park-mail-ru/2020_2_Jigglypuf/internal/pkg/profile/usecase/ProfileUseCase.go:41.82,43.2 1 0
github.com/go-park-mail-ru/2020_2_Jigglypuf/internal/pkg/profile/usecase/ProfileUseCase.go:45.75,47.2 1 0
github.com/go-park-mail-ru/2020_2_Jigglypuf/internal/pkg/profile/usecase/ProfileUseCase.go:49.102,50.53 1 0
github.com/go-park-mail-ru/2020_2_Jigglypuf/internal/pkg/profile/usecase/ProfileUseCase.go:53.2,54.25 2 0
github.com/go-park-mail-ru/2020_2_Jigglypuf/internal/pkg/profile/usecase/ProfileUseCase.go:58.2,59.16 2 0
github.com/go-park-mail-ru/2020_2_Jigglypuf/internal/pkg/profile/usecase/ProfileUseCase.go:62.2,62.19 1 0
github.com/go-park-mail-ru/2020_2_Jigglypuf/internal/pkg/profile/usecase/ProfileUseCase.go:65.2,65.22 1 0
github.com/go-park-mail-ru/2020_2_Jigglypuf/internal/pkg/profile/usecase/ProfileUseCase.go:68.2,68.76 1 0
github.com/go-park-mail-ru/2020_2_Jigglypuf/internal/pkg/profile/usecase/ProfileUseCase.go:50.53,52.3 1 0
github.com/go-park-mail-ru/2020_2_Jigglypuf/internal/pkg/profile/usecase/ProfileUseCase.go:54.25,56.3 1 0
github.com/go-park-mail-ru/2020_2_Jigglypuf/internal/pkg/profile/usecase/ProfileUseCase.go:59.16,61.3 1 0
github.com/go-park-mail-ru/2020_2_Jigglypuf/internal/pkg/profile/usecase/ProfileUseCase.go:62.19,64.3 1 0
github.com/go-park-mail-ru/2020_2_Jigglypuf/internal/pkg/profile/usecase/ProfileUseCase.go:65.22,67.3 1 0
github.com/go-park-mail-ru/2020_2_Jigglypuf/internal/pkg/schedule/delivery/ScheduleDelivery.go:15.79,19.2 1 1
github.com/go-park-mail-ru/2020_2_Jigglypuf/internal/pkg/schedule/delivery/ScheduleDelivery.go:33.85,34.32 1 1
github.com/go-park-mail-ru/2020_2_Jigglypuf/internal/pkg/schedule/delivery/ScheduleDelivery.go:38.2,44.21 6 1
github.com/go-park-mail-ru/2020_2_Jigglypuf/internal/pkg/schedule/delivery/ScheduleDelivery.go:49.2,50.27 2 1
github.com/go-park-mail-ru/2020_2_Jigglypuf/internal/pkg/schedule/delivery/ScheduleDelivery.go:34.32,37.3 2 1
github.com/go-park-mail-ru/2020_2_Jigglypuf/internal/pkg/schedule/delivery/ScheduleDelivery.go:44.21,47.3 2 1
github.com/go-park-mail-ru/2020_2_Jigglypuf/internal/pkg/schedule/delivery/ScheduleDelivery.go:63.80,64.32 1 1
github.com/go-park-mail-ru/2020_2_Jigglypuf/internal/pkg/schedule/delivery/ScheduleDelivery.go:69.2,74.21 5 1
github.com/go-park-mail-ru/2020_2_Jigglypuf/internal/pkg/schedule/delivery/ScheduleDelivery.go:79.2,81.27 2 1
github.com/go-park-mail-ru/2020_2_Jigglypuf/internal/pkg/schedule/delivery/ScheduleDelivery.go:64.32,67.3 2 1
github.com/go-park-mail-ru/2020_2_Jigglypuf/internal/pkg/schedule/delivery/ScheduleDelivery.go:74.21,77.3 2 1
github.com/go-park-mail-ru/2020_2_Jigglypuf/internal/pkg/schedule/repository/TimeTableSQLRepository.go:13.74,17.2 1 0
github.com/go-park-mail-ru/2020_2_Jigglypuf/internal/pkg/schedule/repository/TimeTableSQLRepository.go:19.123,20.27 1 0
github.com/go-park-mail-ru/2020_2_Jigglypuf/internal/pkg/schedule/repository/TimeTableSQLRepository.go:24.2,26.58 2 0
github.com/go-park-mail-ru/2020_2_Jigglypuf/internal/pkg/schedule/repository/TimeTableSQLRepository.go:30.2,32.20 3 0
github.com/go-park-mail-ru/2020_2_Jigglypuf/internal/pkg/schedule/repository/TimeTableSQLRepository.go:42.2,42.27 1 0
github.com/go-park-mail-ru/2020_2_Jigglypuf/internal/pkg/schedule/repository/TimeTableSQLRepository.go:20.27,22.3 1 0
github.com/go-park-mail-ru/2020_2_Jigglypuf/internal/pkg/schedule/repository/TimeTableSQLRepository.go:26.58,29.3 2 0
github.com/go-park-mail-ru/2020_2_Jigglypuf/internal/pkg/schedule/repository/TimeTableSQLRepository.go:32.20,35.21 2 0
github.com/go-park-mail-ru/2020_2_Jigglypuf/internal/pkg/schedule/repository/TimeTableSQLRepository.go:39.3,39.53 1 0
github.com/go-park-mail-ru/2020_2_Jigglypuf/internal/pkg/schedule/repository/TimeTableSQLRepository.go:35.21,38.4 2 0
github.com/go-park-mail-ru/2020_2_Jigglypuf/internal/pkg/schedule/repository/TimeTableSQLRepository.go:45.107,46.27 1 0
github.com/go-park-mail-ru/2020_2_Jigglypuf/internal/pkg/schedule/repository/TimeTableSQLRepository.go:49.2,51.58 2 0
github.com/go-park-mail-ru/2020_2_Jigglypuf/internal/pkg/schedule/repository/TimeTableSQLRepository.go:55.2,57.20 3 0
github.com/go-park-mail-ru/2020_2_Jigglypuf/internal/pkg/schedule/repository/TimeTableSQLRepository.go:67.2,67.27 1 0
github.com/go-park-mail-ru/2020_2_Jigglypuf/internal/pkg/schedule/repository/TimeTableSQLRepository.go:46.27,48.3 1 0
github.com/go-park-mail-ru/2020_2_Jigglypuf/internal/pkg/schedule/repository/TimeTableSQLRepository.go:51.58,54.3 2 0
github.com/go-park-mail-ru/2020_2_Jigglypuf/internal/pkg/schedule/repository/TimeTableSQLRepository.go:57.20,60.21 2 0
github.com/go-park-mail-ru/2020_2_Jigglypuf/internal/pkg/schedule/repository/TimeTableSQLRepository.go:64.3,64.53 1 0
github.com/go-park-mail-ru/2020_2_Jigglypuf/internal/pkg/schedule/repository/TimeTableSQLRepository.go:60.21,63.4 2 0
github.com/go-park-mail-ru/2020_2_Jigglypuf/internal/pkg/schedule/repository/TimeTableSQLRepository.go:70.86,71.27 1 0
github.com/go-park-mail-ru/2020_2_Jigglypuf/internal/pkg/schedule/repository/TimeTableSQLRepository.go:74.2,76.20 3 0
github.com/go-park-mail-ru/2020_2_Jigglypuf/internal/pkg/schedule/repository/TimeTableSQLRepository.go:79.2,79.20 1 0
github.com/go-park-mail-ru/2020_2_Jigglypuf/internal/pkg/schedule/repository/TimeTableSQLRepository.go:71.27,73.3 1 0
github.com/go-park-mail-ru/2020_2_Jigglypuf/internal/pkg/schedule/repository/TimeTableSQLRepository.go:76.20,78.3 1 0
github.com/go-park-mail-ru/2020_2_Jigglypuf/internal/pkg/schedule/repository/TimeTableSQLRepository.go:82.90,83.27 1 0
github.com/go-park-mail-ru/2020_2_Jigglypuf/internal/pkg/schedule/repository/TimeTableSQLRepository.go:86.2,89.20 3 0
github.com/go-park-mail-ru/2020_2_Jigglypuf/internal/pkg/schedule/repository/TimeTableSQLRepository.go:93.2,93.24 1 0
github.com/go-park-mail-ru/2020_2_Jigglypuf/internal/pkg/schedule/repository/TimeTableSQLRepository.go:83.27,85.3 1 0
github.com/go-park-mail-ru/2020_2_Jigglypuf/internal/pkg/schedule/repository/TimeTableSQLRepository.go:89.20,91.3 1 0
github.com/go-park-mail-ru/2020_2_Jigglypuf/internal/pkg/schedule/usecase/ScheduleUseCase.go:16.84,21.2 1 1
github.com/go-park-mail-ru/2020_2_Jigglypuf/internal/pkg/schedule/usecase/ScheduleUseCase.go:23.111,25.20 2 1
github.com/go-park-mail-ru/2020_2_Jigglypuf/internal/pkg/schedule/usecase/ScheduleUseCase.go:28.2,29.20 2 1
github.com/go-park-mail-ru/2020_2_Jigglypuf/internal/pkg/schedule/usecase/ScheduleUseCase.go:32.2,33.20 2 1
github.com/go-park-mail-ru/2020_2_Jigglypuf/internal/pkg/schedule/usecase/ScheduleUseCase.go:36.2,36.105 1 1
github.com/go-park-mail-ru/2020_2_Jigglypuf/internal/pkg/schedule/usecase/ScheduleUseCase.go:25.20,27.3 1 1
github.com/go-park-mail-ru/2020_2_Jigglypuf/internal/pkg/schedule/usecase/ScheduleUseCase.go:29.20,31.3 1 1
github.com/go-park-mail-ru/2020_2_Jigglypuf/internal/pkg/schedule/usecase/ScheduleUseCase.go:33.20,35.3 1 1
github.com/go-park-mail-ru/2020_2_Jigglypuf/internal/pkg/schedule/usecase/ScheduleUseCase.go:39.84,41.20 2 1
github.com/go-park-mail-ru/2020_2_Jigglypuf/internal/pkg/schedule/usecase/ScheduleUseCase.go:45.2,45.67 1 1
github.com/go-park-mail-ru/2020_2_Jigglypuf/internal/pkg/schedule/usecase/ScheduleUseCase.go:41.20,43.3 1 1
github.com/go-park-mail-ru/2020_2_Jigglypuf/internal/pkg/session/delivery/cookieChecker.go:12.58,16.2 1 1
github.com/go-park-mail-ru/2020_2_Jigglypuf/internal/pkg/session/delivery/cookieChecker.go:18.69,20.16 2 1
github.com/go-park-mail-ru/2020_2_Jigglypuf/internal/pkg/session/delivery/cookieChecker.go:24.2,24.43 1 1
github.com/go-park-mail-ru/2020_2_Jigglypuf/internal/pkg/session/delivery/cookieChecker.go:20.16,22.3 1 1
github.com/go-park-mail-ru/2020_2_Jigglypuf/internal/pkg/session/delivery/cookieChecker.go:27.64,30.2 2 0
github.com/go-park-mail-ru/2020_2_Jigglypuf/internal/pkg/session/delivery/cookieChecker.go:32.76,35.2 2 0
github.com/go-park-mail-ru/2020_2_Jigglypuf/internal/pkg/session/middleware/cookieMiddleware.go:12.94,13.71 1 1
github.com/go-park-mail-ru/2020_2_Jigglypuf/internal/pkg/session/middleware/cookieMiddleware.go:13.71,17.10 4 1
github.com/go-park-mail-ru/2020_2_Jigglypuf/internal/pkg/session/middleware/cookieMiddleware.go:20.3,25.88 5 1
github.com/go-park-mail-ru/2020_2_Jigglypuf/internal/pkg/session/middleware/cookieMiddleware.go:17.10,19.4 1 0
github.com/go-park-mail-ru/2020_2_Jigglypuf/internal/pkg/session/middleware/cookieMiddleware.go:25.88,28.45 3 0
github.com/go-park-mail-ru/2020_2_Jigglypuf/internal/pkg/session/middleware/cookieMiddleware.go:32.4,33.14 2 0
github.com/go-park-mail-ru/2020_2_Jigglypuf/internal/pkg/session/middleware/cookieMiddleware.go:28.45,31.5 2 0
github.com/go-park-mail-ru/2020_2_Jigglypuf/internal/pkg/session/middleware/cookieMiddleware.go:33.14,35.5 1 0
github.com/go-park-mail-ru/2020_2_Jigglypuf/internal/pkg/session/usecase/usecase.go:14.69,18.2 1 1
github.com/go-park-mail-ru/2020_2_Jigglypuf/internal/pkg/session/usecase/usecase.go:20.78,22.22 2 1
github.com/go-park-mail-ru/2020_2_Jigglypuf/internal/pkg/session/usecase/usecase.go:28.2,28.17 1 1
github.com/go-park-mail-ru/2020_2_Jigglypuf/internal/pkg/session/usecase/usecase.go:22.22,23.45 1 1
github.com/go-park-mail-ru/2020_2_Jigglypuf/internal/pkg/session/usecase/usecase.go:26.3,26.28 1 1
github.com/go-park-mail-ru/2020_2_Jigglypuf/internal/pkg/session/usecase/usecase.go:23.45,25.4 1 1
github.com/go-park-mail-ru/2020_2_Jigglypuf/internal/pkg/session/usecase/usecase.go:31.82,34.2 2 0
github.com/go-park-mail-ru/2020_2_Jigglypuf/internal/pkg/session/usecase/usecase.go:36.70,39.2 2 0
github.com/go-park-mail-ru/2020_2_Jigglypuf/internal/pkg/ticketservice/delivery/ticketDelivery.go:16.71,20.2 1 1
github.com/go-park-mail-ru/2020_2_Jigglypuf/internal/pkg/ticketservice/delivery/ticketDelivery.go:32.76,33.33 1 1
github.com/go-park-mail-ru/2020_2_Jigglypuf/internal/pkg/ticketservice/delivery/ticketDelivery.go:37.2,41.22 5 1
github.com/go-park-mail-ru/2020_2_Jigglypuf/internal/pkg/ticketservice/delivery/ticketDelivery.go:46.2,48.54 3 1
github.com/go-park-mail-ru/2020_2_Jigglypuf/internal/pkg/ticketservice/delivery/ticketDelivery.go:55.2,56.19 2 1
github.com/go-park-mail-ru/2020_2_Jigglypuf/internal/pkg/ticketservice/delivery/ticketDelivery.go:33.33,36.3 2 1
github.com/go-park-mail-ru/2020_2_Jigglypuf/internal/pkg/ticketservice/delivery/ticketDelivery.go:41.22,44.3 2 0
github.com/go-park-mail-ru/2020_2_Jigglypuf/internal/pkg/ticketservice/delivery/ticketDelivery.go:48.54,49.29 1 1
github.com/go-park-mail-ru/2020_2_Jigglypuf/internal/pkg/ticketservice/delivery/ticketDelivery.go:49.29,52.4 2 1
github.com/go-park-mail-ru/2020_2_Jigglypuf/internal/pkg/ticketservice/delivery/ticketDelivery.go:56.19,59.3 2 0
github.com/go-park-mail-ru/2020_2_Jigglypuf/internal/pkg/ticketservice/delivery/ticketDelivery.go:72.81,73.32 1 1
github.com/go-park-mail-ru/2020_2_Jigglypuf/internal/pkg/ticketservice/delivery/ticketDelivery.go:77.2,80.54 4 1
github.com/go-park-mail-ru/2020_2_Jigglypuf/internal/pkg/ticketservice/delivery/ticketDelivery.go:85.2,86.25 2 1
github.com/go-park-mail-ru/2020_2_Jigglypuf/internal/pkg/ticketservice/delivery/ticketDelivery.go:90.2,91.27 2 1
github.com/go-park-mail-ru/2020_2_Jigglypuf/internal/pkg/ticketservice/delivery/ticketDelivery.go:73.32,76.3 2 1
github.com/go-park-mail-ru/2020_2_Jigglypuf/internal/pkg/ticketservice/delivery/ticketDelivery.go:80.54,83.3 2 1
github.com/go-park-mail-ru/2020_2_Jigglypuf/internal/pkg/ticketservice/delivery/ticketDelivery.go:86.25,89.3 2 0
github.com/go-park-mail-ru/2020_2_Jigglypuf/internal/pkg/ticketservice/delivery/ticketDelivery.go:105.87,106.32 1 1
github.com/go-park-mail-ru/2020_2_Jigglypuf/internal/pkg/ticketservice/delivery/ticketDelivery.go:110.2,116.54 6 1
github.com/go-park-mail-ru/2020_2_Jigglypuf/internal/pkg/ticketservice/delivery/ticketDelivery.go:121.2,122.22 2 1
github.com/go-park-mail-ru/2020_2_Jigglypuf/internal/pkg/ticketservice/delivery/ticketDelivery.go:127.2,129.27 2 1
github.com/go-park-mail-ru/2020_2_Jigglypuf/internal/pkg/ticketservice/delivery/ticketDelivery.go:106.32,109.3 2 1
github.com/go-park-mail-ru/2020_2_Jigglypuf/internal/pkg/ticketservice/delivery/ticketDelivery.go:116.54,119.3 2 1
github.com/go-park-mail-ru/2020_2_Jigglypuf/internal/pkg/ticketservice/delivery/ticketDelivery.go:122.22,125.3 2 0
github.com/go-park-mail-ru/2020_2_Jigglypuf/internal/pkg/ticketservice/delivery/ticketDelivery.go:142.89,143.32 1 1
github.com/go-park-mail-ru/2020_2_Jigglypuf/internal/pkg/ticketservice/delivery/ticketDelivery.go:147.2,151.22 5 1
github.com/go-park-mail-ru/2020_2_Jigglypuf/internal/pkg/ticketservice/delivery/ticketDelivery.go:156.2,158.27 2 1
github.com/go-park-mail-ru/2020_2_Jigglypuf/internal/pkg/ticketservice/delivery/ticketDelivery.go:143.32,146.3 2 1
github.com/go-park-mail-ru/2020_2_Jigglypuf/internal/pkg/ticketservice/delivery/ticketDelivery.go:151.22,154.3 2 0
